Performing C SOURCE FILE Test CMAKE_HAVE_LIBC_PTHREAD failed with the following output:
Change Dir: /app/C++/hm2/technopark_homeworks/.build/CMakeFiles/CMakeTmp

Run Build Command(s):/usr/bin/make cmTC_ab13a/fast && make: Warning: File 'Makefile' has modification time 1.2 s in the future
/usr/bin/make -f CMakeFiles/cmTC_ab13a.dir/build.make CMakeFiles/cmTC_ab13a.dir/build
make[1]: Entering directory '/app/C++/hm2/technopark_homeworks/.build/CMakeFiles/CMakeTmp'
make[1]: Warning: File 'CMakeFiles/cmTC_ab13a.dir/flags.make' has modification time 1.2 s in the future
Building C object CMakeFiles/cmTC_ab13a.dir/src.c.o
/usr/bin/cc   -DCMAKE_HAVE_LIBC_PTHREAD   -o CMakeFiles/cmTC_ab13a.dir/src.c.o   -c /app/C++/hm2/technopark_homeworks/.build/CMakeFiles/CMakeTmp/src.c
Linking C executable cmTC_ab13a
/usr/bin/cmake -E cmake_link_script CMakeFiles/cmTC_ab13a.dir/link.txt --verbose=1
/usr/bin/cc  -DCMAKE_HAVE_LIBC_PTHREAD    -rdynamic CMakeFiles/cmTC_ab13a.dir/src.c.o  -o cmTC_ab13a 
/usr/bin/ld: CMakeFiles/cmTC_ab13a.dir/src.c.o: in function `main':
src.c:(.text+0x46): undefined reference to `pthread_create'
/usr/bin/ld: src.c:(.text+0x52): undefined reference to `pthread_detach'
/usr/bin/ld: src.c:(.text+0x63): undefined reference to `pthread_join'
collect2: error: ld returned 1 exit status
make[1]: *** [CMakeFiles/cmTC_ab13a.dir/build.make:87: cmTC_ab13a] Error 1
make[1]: Leaving directory '/app/C++/hm2/technopark_homeworks/.build/CMakeFiles/CMakeTmp'
make: *** [Makefile:121: cmTC_ab13a/fast] Error 2


Source file was:
#include <pthread.h>

void* test_func(void* data)
{
  return data;
}

int main(void)
{
  pthread_t thread;
  pthread_create(&thread, NULL, test_func, NULL);
  pthread_detach(thread);
  pthread_join(thread, NULL);
  pthread_atfork(NULL, NULL, NULL);
  pthread_exit(NULL);

  return 0;
}

Determining if the function pthread_create exists in the pthreads failed with the following output:
Change Dir: /app/C++/hm2/technopark_homeworks/.build/CMakeFiles/CMakeTmp

Run Build Command(s):/usr/bin/make cmTC_cb0b3/fast && make: Warning: File 'Makefile' has modification time 1.2 s in the future
/usr/bin/make -f CMakeFiles/cmTC_cb0b3.dir/build.make CMakeFiles/cmTC_cb0b3.dir/build
make[1]: Entering directory '/app/C++/hm2/technopark_homeworks/.build/CMakeFiles/CMakeTmp'
make[1]: Warning: File 'CMakeFiles/cmTC_cb0b3.dir/flags.make' has modification time 1.2 s in the future
Building C object CMakeFiles/cmTC_cb0b3.dir/CheckFunctionExists.c.o
/usr/bin/cc   -DCHECK_FUNCTION_EXISTS=pthread_create   -o CMakeFiles/cmTC_cb0b3.dir/CheckFunctionExists.c.o   -c /usr/share/cmake-3.16/Modules/CheckFunctionExists.c
Linking C executable cmTC_cb0b3
/usr/bin/cmake -E cmake_link_script CMakeFiles/cmTC_cb0b3.dir/link.txt --verbose=1
/usr/bin/cc  -DCHECK_FUNCTION_EXISTS=pthread_create    -rdynamic CMakeFiles/cmTC_cb0b3.dir/CheckFunctionExists.c.o  -o cmTC_cb0b3  -lpthreads 
/usr/bin/ld: cannot find -lpthreads
collect2: error: ld returned 1 exit status
make[1]: *** [CMakeFiles/cmTC_cb0b3.dir/build.make:87: cmTC_cb0b3] Error 1
make[1]: Leaving directory '/app/C++/hm2/technopark_homeworks/.build/CMakeFiles/CMakeTmp'
make: *** [Makefile:121: cmTC_cb0b3/fast] Error 2



